<?xml version="1.0" encoding="utf-8"?><testsuites name="pytest tests"><testsuite name="pytest" errors="2" failures="0" skipped="0" tests="2" time="3.490" timestamp="2026-08-24T05:16:21.065914+00:00" hostname="agent-env-019ca7b6-fa10-4db6-a7d2-56348869975a"><testcase classname="" name="tests.test_portfolio_api" time="0.000"><error message="collection failure">backend/tests/test_portfolio_api.py:8: in &lt;module&gt;
    BASE_URL = os.environ["REACT_APP_BACKEND_URL"].rstrip("/")
               ^^^^^^^^^^^^^^^^^^^^^^^^^^^^^^^^^^^
&lt;frozen os&gt;:679: in __getitem__
    ???
E   KeyError: 'REACT_APP_BACKEND_URL'</error><error message="collection failure">backend/tests/test_portfolio_api.py:8: in &lt;module&gt;
    BASE_URL = os.environ["REACT_APP_BACKEND_URL"].rstrip("/")
               ^^^^^^^^^^^^^^^^^^^^^^^^^^^^^^^^^^^
&lt;frozen os&gt;:679: in __getitem__
    ???
E   KeyError: 'REACT_APP_BACKEND_URL'</error></testcase></testsuite></testsuites>